Advance PDF App/app/build/intermediates/manifest_merge_blame_file/debug/manifest-merger-blame-debug-report.txt
1<?xml version="1.0" encoding="utf-8"?>
2<!-- suppress AndroidDomInspection -->
3<manifest xmlns:android="http://schemas.android.com/apk/res/android"
4    package="pdf.dudepdftools"
5    android:versionCode="1"
6    android:versionName="1.0" >
7
8    <uses-sdk
9        android:minSdkVersion="26"
9-->src\main\AndroidManifest.xml
10        android:targetSdkVersion="34" />
10-->src\main\AndroidManifest.xml
11
12    <uses-permission android:name="android.permission.WRITE_EXTERNAL_STORAGE" />
12-->src\main\AndroidManifest.xml:6:5-81
12-->src\main\AndroidManifest.xml:6:22-78
13    <uses-permission android:name="android.permission.READ_EXTERNAL_STORAGE" />
13-->src\main\AndroidManifest.xml:7:5-80
13-->src\main\AndroidManifest.xml:7:22-77
14
15    <uses-feature android:name="android.hardware.camera" />
15-->src\main\AndroidManifest.xml:9:5-60
15-->src\main\AndroidManifest.xml:9:19-57
16    <uses-feature
16-->src\main\AndroidManifest.xml:10:5-12:36
17        android:name="android.hardware.camera.autofocus"
17-->src\main\AndroidManifest.xml:11:9-57
18        android:required="false" />
18-->src\main\AndroidManifest.xml:12:9-33
19
20    <uses-permission android:name="android.permission.CAMERA" />
20-->src\main\AndroidManifest.xml:14:5-65
20-->src\main\AndroidManifest.xml:14:22-62
21
22    <uses-feature
22-->[com.journeyapps:zxing-android-embedded:3.4.0] AndroidManifest.xml:27:5-29:36
23        android:name="android.hardware.camera.front"
23-->[com.journeyapps:zxing-android-embedded:3.4.0] AndroidManifest.xml:28:9-53
24        android:required="false" />
24-->[com.journeyapps:zxing-android-embedded:3.4.0] AndroidManifest.xml:29:9-33
25    <uses-feature
25-->[com.journeyapps:zxing-android-embedded:3.4.0] AndroidManifest.xml:35:5-37:36
26        android:name="android.hardware.camera.flash"
26-->[com.journeyapps:zxing-android-embedded:3.4.0] AndroidManifest.xml:36:9-53
27        android:required="false" />
27-->[com.journeyapps:zxing-android-embedded:3.4.0] AndroidManifest.xml:37:9-33
28    <uses-feature
28-->[com.journeyapps:zxing-android-embedded:3.4.0] AndroidManifest.xml:38:5-40:36
29        android:name="android.hardware.screen.landscape"
29-->[com.journeyapps:zxing-android-embedded:3.4.0] AndroidManifest.xml:39:9-57
30        android:required="false" />
30-->[com.journeyapps:zxing-android-embedded:3.4.0] AndroidManifest.xml:40:9-33
31    <uses-feature
31-->[com.journeyapps:zxing-android-embedded:3.4.0] AndroidManifest.xml:41:5-43:36
32        android:name="android.hardware.wifi"
32-->[com.journeyapps:zxing-android-embedded:3.4.0] AndroidManifest.xml:42:9-45
33        android:required="false" /> <!-- Include required permissions for Google Mobile Ads to run -->
33-->[com.journeyapps:zxing-android-embedded:3.4.0] AndroidManifest.xml:43:9-33
34    <uses-permission android:name="android.permission.INTERNET" />
34-->[com.google.android.gms:play-services-ads-lite:22.5.0] AndroidManifest.xml:24:5-67
34-->[com.google.android.gms:play-services-ads-lite:22.5.0] AndroidManifest.xml:24:22-64
35    <uses-permission android:name="android.permission.ACCESS_NETWORK_STATE" />
35-->[com.google.android.gms:play-services-ads-lite:22.5.0] AndroidManifest.xml:25:5-79
35-->[com.google.android.gms:play-services-ads-lite:22.5.0] AndroidManifest.xml:25:22-76
36    <uses-permission android:name="com.google.android.gms.permission.AD_ID" />
36-->[com.google.android.gms:play-services-ads-lite:22.5.0] AndroidManifest.xml:26:5-79
36-->[com.google.android.gms:play-services-ads-lite:22.5.0] AndroidManifest.xml:26:22-76
37    <uses-permission android:name="android.permission.ACCESS_ADSERVICES_AD_ID" />
37-->[com.google.android.gms:play-services-ads-lite:22.5.0] AndroidManifest.xml:27:5-82
37-->[com.google.android.gms:play-services-ads-lite:22.5.0] AndroidManifest.xml:27:22-79
38    <uses-permission android:name="android.permission.ACCESS_ADSERVICES_ATTRIBUTION" />
38-->[com.google.android.gms:play-services-ads-lite:22.5.0] AndroidManifest.xml:28:5-88
38-->[com.google.android.gms:play-services-ads-lite:22.5.0] AndroidManifest.xml:28:22-85
39    <uses-permission android:name="android.permission.ACCESS_ADSERVICES_TOPICS" /> <!-- Android package visibility setting -->
39-->[com.google.android.gms:play-services-ads-lite:22.5.0] AndroidManifest.xml:29:5-83
39-->[com.google.android.gms:play-services-ads-lite:22.5.0] AndroidManifest.xml:29:22-80
40    <queries>
40-->[com.google.android.gms:play-services-ads-lite:22.5.0] AndroidManifest.xml:35:5-51:15
41
42        <!-- For browser content -->
43        <intent>
43-->[com.google.android.gms:play-services-ads-lite:22.5.0] AndroidManifest.xml:38:9-44:18
44            <action android:name="android.intent.action.VIEW" />
44-->[com.google.android.gms:play-services-ads-lite:22.5.0] AndroidManifest.xml:39:13-65
44-->[com.google.android.gms:play-services-ads-lite:22.5.0] AndroidManifest.xml:39:21-62
45
46            <category android:name="android.intent.category.BROWSABLE" />
46-->[com.google.android.gms:play-services-ads-lite:22.5.0] AndroidManifest.xml:41:13-74
46-->[com.google.android.gms:play-services-ads-lite:22.5.0] AndroidManifest.xml:41:23-71
47
48            <data android:scheme="https" />
48-->src\main\AndroidManifest.xml:52:17-52
49        </intent>
50        <!-- End of browser content -->
51        <!-- For CustomTabsService -->
52        <intent>
52-->[com.google.android.gms:play-services-ads-lite:22.5.0] AndroidManifest.xml:47:9-49:18
53            <action android:name="android.support.customtabs.action.CustomTabsService" />
53-->[com.google.android.gms:play-services-ads-lite:22.5.0] AndroidManifest.xml:48:13-90
53-->[com.google.android.gms:play-services-ads-lite:22.5.0] AndroidManifest.xml:48:21-87
54        </intent>
55        <!-- End of CustomTabsService -->
56    </queries>
57
58    <uses-permission android:name="android.permission.WAKE_LOCK" />
58-->[com.google.android.gms:play-services-measurement-sdk-api:20.1.2] AndroidManifest.xml:25:5-68
58-->[com.google.android.gms:play-services-measurement-sdk-api:20.1.2] AndroidManifest.xml:25:22-65
59    <uses-permission android:name="android.permission.FOREGROUND_SERVICE" />
59-->[androidx.work:work-runtime:2.7.0] AndroidManifest.xml:28:5-77
59-->[androidx.work:work-runtime:2.7.0] AndroidManifest.xml:28:22-74
60
61    <application
61-->src\main\AndroidManifest.xml:16:5-85:19
62        android:name="pdf.dudepdftools.util.PDFApplication"
62-->src\main\AndroidManifest.xml:17:9-60
63        android:allowBackup="true"
63-->src\main\AndroidManifest.xml:18:9-35
64        android:appComponentFactory="androidx.core.app.CoreComponentFactory"
64-->[androidx.core:core:1.6.0] AndroidManifest.xml:24:18-86
65        android:debuggable="true"
66        android:extractNativeLibs="false"
67        android:fullBackupContent="@xml/backup_descriptor"
67-->src\main\AndroidManifest.xml:19:9-59
68        android:hardwareAccelerated="true"
68-->src\main\AndroidManifest.xml:20:9-43
69        android:icon="@drawable/app_icon"
69-->src\main\AndroidManifest.xml:21:9-42
70        android:label="@string/app_name"
70-->src\main\AndroidManifest.xml:22:9-41
71        android:largeHeap="true"
71-->src\main\AndroidManifest.xml:24:9-33
72        android:requestLegacyExternalStorage="true"
72-->src\main\AndroidManifest.xml:25:9-52
73        android:roundIcon="@drawable/app_icon"
73-->src\main\AndroidManifest.xml:23:9-47
74        android:supportsRtl="true"
74-->src\main\AndroidManifest.xml:26:9-35
75        android:testOnly="true"
76        android:theme="@style/AppThemeWhite" >
76-->src\main\AndroidManifest.xml:27:9-45
77
78        <!-- Sample AdMob App ID: ca-app-pub-3940256099942544~3347511713 -->
79        <meta-data
79-->src\main\AndroidManifest.xml:30:9-32:51
80            android:name="com.google.android.gms.ads.APPLICATION_ID"
80-->src\main\AndroidManifest.xml:31:13-69
81            android:value="@string/Admob_app_id" />
81-->src\main\AndroidManifest.xml:32:13-49
82
83        <activity
83-->src\main\AndroidManifest.xml:34:9-36:59
84            android:name="com.theartofdev.edmodo.cropper.CropImageActivity"
84-->src\main\AndroidManifest.xml:35:13-76
85            android:theme="@style/Base.Theme.AppCompat" />
85-->src\main\AndroidManifest.xml:36:13-56
86        <activity
86-->src\main\AndroidManifest.xml:37:9-64:20
87            android:name="pdf.dudepdftools.activity.MainActivity"
87-->src\main\AndroidManifest.xml:38:13-66
88            android:exported="true"
88-->src\main\AndroidManifest.xml:42:13-36
89            android:label="@string/app_name"
89-->src\main\AndroidManifest.xml:39:13-45
90            android:screenOrientation="portrait"
90-->src\main\AndroidManifest.xml:40:13-49
91            android:windowSoftInputMode="adjustPan" >
91-->src\main\AndroidManifest.xml:41:13-52
92            <intent-filter>
92-->src\main\AndroidManifest.xml:43:13-47:29
93                <action android:name="android.intent.action.MAIN" />
93-->src\main\AndroidManifest.xml:44:17-69
93-->src\main\AndroidManifest.xml:44:25-66
94
95                <category android:name="android.intent.category.LAUNCHER" />
95-->src\main\AndroidManifest.xml:46:17-77
95-->src\main\AndroidManifest.xml:46:27-74
96            </intent-filter>
97            <intent-filter>
97-->src\main\AndroidManifest.xml:49:13-53:29
98                <action android:name="android.intent.action.SEND_MULTIPLE" />
98-->src\main\AndroidManifest.xml:50:17-78
98-->src\main\AndroidManifest.xml:50:25-75
99
100                <category android:name="android.intent.category.DEFAULT" />
100-->src\main\AndroidManifest.xml:51:17-76
100-->src\main\AndroidManifest.xml:51:27-73
101
102                <data android:mimeType="image/*" />
102-->src\main\AndroidManifest.xml:52:17-52
102-->src\main\AndroidManifest.xml:52:23-49
103            </intent-filter>
104            <intent-filter>
104-->src\main\AndroidManifest.xml:55:13-59:29
105                <action android:name="android.intent.action.SEND" />
105-->src\main\AndroidManifest.xml:56:17-69
105-->src\main\AndroidManifest.xml:56:25-66
106
107                <category android:name="android.intent.category.DEFAULT" />
107-->src\main\AndroidManifest.xml:51:17-76
107-->src\main\AndroidManifest.xml:51:27-73
108
109                <data android:mimeType="image/*" />
109-->src\main\AndroidManifest.xml:52:17-52
109-->src\main\AndroidManifest.xml:52:23-49
110            </intent-filter>
111
112            <meta-data
112-->src\main\AndroidManifest.xml:61:13-63:53
113                android:name="android.app.shortcuts"
113-->src\main\AndroidManifest.xml:62:17-53
114                android:resource="@xml/shortcuts" />
114-->src\main\AndroidManifest.xml:63:17-50
115        </activity>
116        <activity android:name="pdf.dudepdftools.activity.CropImageActivity" />
116-->src\main\AndroidManifest.xml:65:9-80
116-->src\main\AndroidManifest.xml:65:19-77
117
118        <provider
118-->src\main\AndroidManifest.xml:67:9-75:20
119            android:name="androidx.core.content.FileProvider"
119-->src\main\AndroidManifest.xml:68:13-62
120            android:authorities="com.pdf.dudepdftools"
120-->src\main\AndroidManifest.xml:69:13-55
121            android:exported="false"
121-->src\main\AndroidManifest.xml:70:13-37
122            android:grantUriPermissions="true" >
122-->src\main\AndroidManifest.xml:71:13-47
123            <meta-data
123-->src\main\AndroidManifest.xml:72:13-74:58
124                android:name="android.support.FILE_PROVIDER_PATHS"
124-->src\main\AndroidManifest.xml:73:17-67
125                android:resource="@xml/provider_paths" />
125-->src\main\AndroidManifest.xml:74:17-55
126        </provider>
127
128        <activity android:name="pdf.dudepdftools.activity.WelcomeActivity" />
128-->src\main\AndroidManifest.xml:77:9-78
128-->src\main\AndroidManifest.xml:77:19-75
129        <activity android:name="pdf.dudepdftools.activity.ImageEditor" />
129-->src\main\AndroidManifest.xml:78:9-74
129-->src\main\AndroidManifest.xml:78:19-71
130        <activity android:name="pdf.dudepdftools.activity.PreviewActivity" />
130-->src\main\AndroidManifest.xml:79:9-78
130-->src\main\AndroidManifest.xml:79:19-75
131        <activity android:name="pdf.dudepdftools.activity.RearrangeImages" />
131-->src\main\AndroidManifest.xml:80:9-78
131-->src\main\AndroidManifest.xml:80:19-75
132        <activity android:name="pdf.dudepdftools.activity.ImagesPreviewActivity" />
132-->src\main\AndroidManifest.xml:81:9-84
132-->src\main\AndroidManifest.xml:81:19-81
133        <activity android:name="pdf.dudepdftools.activity.RearrangePdfPages" />
133-->src\main\AndroidManifest.xml:82:9-80
133-->src\main\AndroidManifest.xml:82:19-77
134        <activity android:name="pdf.dudepdftools.activity.FavouritesActivity" />
134-->src\main\AndroidManifest.xml:83:9-80
134-->src\main\AndroidManifest.xml:83:19-78
135        <activity android:name="com.zhihu.matisse.ui.MatisseActivity" />
135-->[com.zhihu.android:matisse:0.5.3-beta3] AndroidManifest.xml:28:9-73
135-->[com.zhihu.android:matisse:0.5.3-beta3] AndroidManifest.xml:28:19-70
136        <activity android:name="com.zhihu.matisse.internal.ui.AlbumPreviewActivity" />
136-->[com.zhihu.android:matisse:0.5.3-beta3] AndroidManifest.xml:29:9-87
136-->[com.zhihu.android:matisse:0.5.3-beta3] AndroidManifest.xml:29:19-84
137        <activity android:name="com.zhihu.matisse.internal.ui.SelectedPreviewActivity" />
137-->[com.zhihu.android:matisse:0.5.3-beta3] AndroidManifest.xml:30:9-90
137-->[com.zhihu.android:matisse:0.5.3-beta3] AndroidManifest.xml:30:19-87
138        <activity
138-->[com.journeyapps:zxing-android-embedded:3.4.0] AndroidManifest.xml:46:9-52:63
139            android:name="com.journeyapps.barcodescanner.CaptureActivity"
139-->[com.journeyapps:zxing-android-embedded:3.4.0] AndroidManifest.xml:47:13-74
140            android:clearTaskOnLaunch="true"
140-->[com.journeyapps:zxing-android-embedded:3.4.0] AndroidManifest.xml:48:13-45
141            android:screenOrientation="sensorLandscape"
141-->[com.journeyapps:zxing-android-embedded:3.4.0] AndroidManifest.xml:49:13-56
142            android:stateNotNeeded="true"
142-->[com.journeyapps:zxing-android-embedded:3.4.0] AndroidManifest.xml:50:13-42
143            android:theme="@style/zxing_CaptureTheme"
143-->[com.journeyapps:zxing-android-embedded:3.4.0] AndroidManifest.xml:51:13-54
144            android:windowSoftInputMode="stateAlwaysHidden" /> <!-- Include the AdActivity and InAppPurchaseActivity configChanges and themes. -->
144-->[com.journeyapps:zxing-android-embedded:3.4.0] AndroidManifest.xml:52:13-60
145        <activity
145-->[com.google.android.gms:play-services-ads-lite:22.5.0] AndroidManifest.xml:56:9-61:43
146            android:name="com.google.android.gms.ads.AdActivity"
146-->[com.google.android.gms:play-services-ads-lite:22.5.0] AndroidManifest.xml:57:13-65
147            android:configChanges="keyboard|keyboardHidden|orientation|screenLayout|uiMode|screenSize|smallestScreenSize"
147-->[com.google.android.gms:play-services-ads-lite:22.5.0] AndroidManifest.xml:58:13-122
148            android:exported="false"
148-->[com.google.android.gms:play-services-ads-lite:22.5.0] AndroidManifest.xml:59:13-37
149            android:theme="@android:style/Theme.Translucent" />
149-->[com.google.android.gms:play-services-ads-lite:22.5.0] AndroidManifest.xml:60:13-61
150
151        <provider
151-->[com.google.android.gms:play-services-ads-lite:22.5.0] AndroidManifest.xml:63:9-68:43
152            android:name="com.google.android.gms.ads.MobileAdsInitProvider"
152-->[com.google.android.gms:play-services-ads-lite:22.5.0] AndroidManifest.xml:64:13-76
153            android:authorities="pdf.dudepdftools.mobileadsinitprovider"
153-->[com.google.android.gms:play-services-ads-lite:22.5.0] AndroidManifest.xml:65:13-73
154            android:exported="false"
154-->[com.google.android.gms:play-services-ads-lite:22.5.0] AndroidManifest.xml:66:13-37
155            android:initOrder="100" />
155-->[com.google.android.gms:play-services-ads-lite:22.5.0] AndroidManifest.xml:67:13-36
156
157        <service
157-->[com.google.android.gms:play-services-ads-lite:22.5.0] AndroidManifest.xml:70:9-74:43
158            android:name="com.google.android.gms.ads.AdService"
158-->[com.google.android.gms:play-services-ads-lite:22.5.0] AndroidManifest.xml:71:13-64
159            android:enabled="true"
159-->[com.google.android.gms:play-services-ads-lite:22.5.0] AndroidManifest.xml:72:13-35
160            android:exported="false" />
160-->[com.google.android.gms:play-services-ads-lite:22.5.0] AndroidManifest.xml:73:13-37
161
162        <activity
162-->[com.google.android.gms:play-services-ads-lite:22.5.0] AndroidManifest.xml:76:9-80:43
163            android:name="com.google.android.gms.ads.OutOfContextTestingActivity"
163-->[com.google.android.gms:play-services-ads-lite:22.5.0] AndroidManifest.xml:77:13-82
164            android:configChanges="keyboard|keyboardHidden|orientation|screenLayout|uiMode|screenSize|smallestScreenSize"
164-->[com.google.android.gms:play-services-ads-lite:22.5.0] AndroidManifest.xml:78:13-122
165            android:exported="false" />
165-->[com.google.android.gms:play-services-ads-lite:22.5.0] AndroidManifest.xml:79:13-37
166
167        <property
167-->[com.google.android.gms:play-services-ads-lite:22.5.0] AndroidManifest.xml:82:9-84:62
168            android:name="android.adservices.AD_SERVICES_CONFIG"
168-->[com.google.android.gms:play-services-ads-lite:22.5.0] AndroidManifest.xml:83:13-65
169            android:resource="@xml/gma_ad_services_config" />
169-->[com.google.android.gms:play-services-ads-lite:22.5.0] AndroidManifest.xml:84:13-59
170
171        <activity
171-->[com.facebook.android:audience-network-sdk:5.11.0] AndroidManifest.xml:15:9-19:75
172            android:name="com.facebook.ads.AudienceNetworkActivity"
172-->[com.facebook.android:audience-network-sdk:5.11.0] AndroidManifest.xml:16:13-68
173            android:configChanges="keyboardHidden|orientation|screenSize"
173-->[com.facebook.android:audience-network-sdk:5.11.0] AndroidManifest.xml:17:13-74
174            android:exported="false"
174-->[com.facebook.android:audience-network-sdk:5.11.0] AndroidManifest.xml:18:13-37
175            android:theme="@android:style/Theme.Translucent.NoTitleBar" />
175-->[com.facebook.android:audience-network-sdk:5.11.0] AndroidManifest.xml:19:13-72
176
177        <provider
177-->[com.facebook.android:audience-network-sdk:5.11.0] AndroidManifest.xml:21:9-24:40
178            android:name="com.facebook.ads.AudienceNetworkContentProvider"
178-->[com.facebook.android:audience-network-sdk:5.11.0] AndroidManifest.xml:22:13-75
179            android:authorities="pdf.dudepdftools.AudienceNetworkContentProvider"
179-->[com.facebook.android:audience-network-sdk:5.11.0] AndroidManifest.xml:23:13-82
180            android:exported="false" />
180-->[com.facebook.android:audience-network-sdk:5.11.0] AndroidManifest.xml:24:13-37
181
182        <meta-data
182-->[com.google.android.gms:play-services-basement:18.2.0] AndroidManifest.xml:21:9-23:69
183            android:name="com.google.android.gms.version"
183-->[com.google.android.gms:play-services-basement:18.2.0] AndroidManifest.xml:22:13-58
184            android:value="@integer/google_play_services_version" />
184-->[com.google.android.gms:play-services-basement:18.2.0] AndroidManifest.xml:23:13-66
185
186        <provider
186-->[androidx.work:work-runtime:2.7.0] AndroidManifest.xml:31:9-39:20
187            android:name="androidx.startup.InitializationProvider"
187-->[androidx.work:work-runtime:2.7.0] AndroidManifest.xml:32:13-67
188            android:authorities="pdf.dudepdftools.androidx-startup"
188-->[androidx.work:work-runtime:2.7.0] AndroidManifest.xml:33:13-68
189            android:exported="false" >
189-->[androidx.work:work-runtime:2.7.0] AndroidManifest.xml:34:13-37
190            <meta-data
190-->[androidx.work:work-runtime:2.7.0] AndroidManifest.xml:36:13-38:52
191                android:name="androidx.work.WorkManagerInitializer"
191-->[androidx.work:work-runtime:2.7.0] AndroidManifest.xml:37:17-68
192                android:value="androidx.startup" />
192-->[androidx.work:work-runtime:2.7.0] AndroidManifest.xml:38:17-49
193        </provider>
194
195        <service
195-->[androidx.work:work-runtime:2.7.0] AndroidManifest.xml:41:9-46:35
196            android:name="androidx.work.impl.background.systemalarm.SystemAlarmService"
196-->[androidx.work:work-runtime:2.7.0] AndroidManifest.xml:42:13-88
197            android:directBootAware="false"
197-->[androidx.work:work-runtime:2.7.0] AndroidManifest.xml:43:13-44
198            android:enabled="@bool/enable_system_alarm_service_default"
198-->[androidx.work:work-runtime:2.7.0] AndroidManifest.xml:44:13-72
199            android:exported="false" />
199-->[androidx.work:work-runtime:2.7.0] AndroidManifest.xml:45:13-37
200        <service
200-->[androidx.work:work-runtime:2.7.0] AndroidManifest.xml:47:9-53:35
201            android:name="androidx.work.impl.background.systemjob.SystemJobService"
201-->[androidx.work:work-runtime:2.7.0] AndroidManifest.xml:48:13-84
202            android:directBootAware="false"
202-->[androidx.work:work-runtime:2.7.0] AndroidManifest.xml:49:13-44
203            android:enabled="@bool/enable_system_job_service_default"
203-->[androidx.work:work-runtime:2.7.0] AndroidManifest.xml:50:13-70
204            android:exported="true"
204-->[androidx.work:work-runtime:2.7.0] AndroidManifest.xml:51:13-36
205            android:permission="android.permission.BIND_JOB_SERVICE" />
205-->[androidx.work:work-runtime:2.7.0] AndroidManifest.xml:52:13-69
206        <service
206-->[androidx.work:work-runtime:2.7.0] AndroidManifest.xml:54:9-59:35
207            android:name="androidx.work.impl.foreground.SystemForegroundService"
207-->[androidx.work:work-runtime:2.7.0] AndroidManifest.xml:55:13-81
208            android:directBootAware="false"
208-->[androidx.work:work-runtime:2.7.0] AndroidManifest.xml:56:13-44
209            android:enabled="@bool/enable_system_foreground_service_default"
209-->[androidx.work:work-runtime:2.7.0] AndroidManifest.xml:57:13-77
210            android:exported="false" />
210-->[androidx.work:work-runtime:2.7.0] AndroidManifest.xml:58:13-37
211
212        <receiver
212-->[androidx.work:work-runtime:2.7.0] AndroidManifest.xml:61:9-66:35
213            android:name="androidx.work.impl.utils.ForceStopRunnable$BroadcastReceiver"
213-->[androidx.work:work-runtime:2.7.0] AndroidManifest.xml:62:13-88
214            android:directBootAware="false"
214-->[androidx.work:work-runtime:2.7.0] AndroidManifest.xml:63:13-44
215            android:enabled="true"
215-->[androidx.work:work-runtime:2.7.0] AndroidManifest.xml:64:13-35
216            android:exported="false" />
216-->[androidx.work:work-runtime:2.7.0] AndroidManifest.xml:65:13-37
217        <receiver
217-->[androidx.work:work-runtime:2.7.0] AndroidManifest.xml:67:9-77:20
218            android:name="androidx.work.impl.background.systemalarm.ConstraintProxy$BatteryChargingProxy"
218-->[androidx.work:work-runtime:2.7.0] AndroidManifest.xml:68:13-106
219            android:directBootAware="false"
219-->[androidx.work:work-runtime:2.7.0] AndroidManifest.xml:69:13-44
220            android:enabled="false"
220-->[androidx.work:work-runtime:2.7.0] AndroidManifest.xml:70:13-36
221            android:exported="false" >
221-->[androidx.work:work-runtime:2.7.0] AndroidManifest.xml:71:13-37
222            <intent-filter>
222-->[androidx.work:work-runtime:2.7.0] AndroidManifest.xml:73:13-76:29
223                <action android:name="android.intent.action.ACTION_POWER_CONNECTED" />
223-->[androidx.work:work-runtime:2.7.0] AndroidManifest.xml:74:17-87
223-->[androidx.work:work-runtime:2.7.0] AndroidManifest.xml:74:25-84
224                <action android:name="android.intent.action.ACTION_POWER_DISCONNECTED" />
224-->[androidx.work:work-runtime:2.7.0] AndroidManifest.xml:75:17-90
224-->[androidx.work:work-runtime:2.7.0] AndroidManifest.xml:75:25-87
225            </intent-filter>
226        </receiver>
227        <receiver
227-->[androidx.work:work-runtime:2.7.0] AndroidManifest.xml:78:9-88:20
228            android:name="androidx.work.impl.background.systemalarm.ConstraintProxy$BatteryNotLowProxy"
228-->[androidx.work:work-runtime:2.7.0] AndroidManifest.xml:79:13-104
229            android:directBootAware="false"
229-->[androidx.work:work-runtime:2.7.0] AndroidManifest.xml:80:13-44
230            android:enabled="false"
230-->[androidx.work:work-runtime:2.7.0] AndroidManifest.xml:81:13-36
231            android:exported="false" >
231-->[androidx.work:work-runtime:2.7.0] AndroidManifest.xml:82:13-37
232            <intent-filter>
232-->[androidx.work:work-runtime:2.7.0] AndroidManifest.xml:84:13-87:29
233                <action android:name="android.intent.action.BATTERY_OKAY" />
233-->[androidx.work:work-runtime:2.7.0] AndroidManifest.xml:85:17-77
233-->[androidx.work:work-runtime:2.7.0] AndroidManifest.xml:85:25-74
234                <action android:name="android.intent.action.BATTERY_LOW" />
234-->[androidx.work:work-runtime:2.7.0] AndroidManifest.xml:86:17-76
234-->[androidx.work:work-runtime:2.7.0] AndroidManifest.xml:86:25-73
235            </intent-filter>
236        </receiver>
237        <receiver
237-->[androidx.work:work-runtime:2.7.0] AndroidManifest.xml:89:9-99:20
238            android:name="androidx.work.impl.background.systemalarm.ConstraintProxy$StorageNotLowProxy"
238-->[androidx.work:work-runtime:2.7.0] AndroidManifest.xml:90:13-104
239            android:directBootAware="false"
239-->[androidx.work:work-runtime:2.7.0] AndroidManifest.xml:91:13-44
240            android:enabled="false"
240-->[androidx.work:work-runtime:2.7.0] AndroidManifest.xml:92:13-36
241            android:exported="false" >
241-->[androidx.work:work-runtime:2.7.0] AndroidManifest.xml:93:13-37
242            <intent-filter>
242-->[androidx.work:work-runtime:2.7.0] AndroidManifest.xml:95:13-98:29
243                <action android:name="android.intent.action.DEVICE_STORAGE_LOW" />
243-->[androidx.work:work-runtime:2.7.0] AndroidManifest.xml:96:17-83
243-->[androidx.work:work-runtime:2.7.0] AndroidManifest.xml:96:25-80
244                <action android:name="android.intent.action.DEVICE_STORAGE_OK" />
244-->[androidx.work:work-runtime:2.7.0] AndroidManifest.xml:97:17-82
244-->[androidx.work:work-runtime:2.7.0] AndroidManifest.xml:97:25-79
245            </intent-filter>
246        </receiver>
247        <receiver
247-->[androidx.work:work-runtime:2.7.0] AndroidManifest.xml:100:9-109:20
248            android:name="androidx.work.impl.background.systemalarm.ConstraintProxy$NetworkStateProxy"
248-->[androidx.work:work-runtime:2.7.0] AndroidManifest.xml:101:13-103
249            android:directBootAware="false"
249-->[androidx.work:work-runtime:2.7.0] AndroidManifest.xml:102:13-44
250            android:enabled="false"
250-->[androidx.work:work-runtime:2.7.0] AndroidManifest.xml:103:13-36
251            android:exported="false" >
251-->[androidx.work:work-runtime:2.7.0] AndroidManifest.xml:104:13-37
252            <intent-filter>
252-->[androidx.work:work-runtime:2.7.0] AndroidManifest.xml:106:13-108:29
253                <action android:name="android.net.conn.CONNECTIVITY_CHANGE" />
253-->[androidx.work:work-runtime:2.7.0] AndroidManifest.xml:107:17-79
253-->[androidx.work:work-runtime:2.7.0] AndroidManifest.xml:107:25-76
254            </intent-filter>
255        </receiver>
256        <receiver
256-->[androidx.work:work-runtime:2.7.0] AndroidManifest.xml:110:9-121:20
257            android:name="androidx.work.impl.background.systemalarm.RescheduleReceiver"
257-->[androidx.work:work-runtime:2.7.0] AndroidManifest.xml:111:13-88
258            android:directBootAware="false"
258-->[androidx.work:work-runtime:2.7.0] AndroidManifest.xml:112:13-44
259            android:enabled="false"
259-->[androidx.work:work-runtime:2.7.0] AndroidManifest.xml:113:13-36
260            android:exported="false" >
260-->[androidx.work:work-runtime:2.7.0] AndroidManifest.xml:114:13-37
261            <intent-filter>
261-->[androidx.work:work-runtime:2.7.0] AndroidManifest.xml:116:13-120:29
262                <action android:name="android.intent.action.BOOT_COMPLETED" />
262-->[androidx.work:work-runtime:2.7.0] AndroidManifest.xml:117:17-79
262-->[androidx.work:work-runtime:2.7.0] AndroidManifest.xml:117:25-76
263                <action android:name="android.intent.action.TIME_SET" />
263-->[androidx.work:work-runtime:2.7.0] AndroidManifest.xml:118:17-73
263-->[androidx.work:work-runtime:2.7.0] AndroidManifest.xml:118:25-70
264                <action android:name="android.intent.action.TIMEZONE_CHANGED" />
264-->[androidx.work:work-runtime:2.7.0] AndroidManifest.xml:119:17-81
264-->[androidx.work:work-runtime:2.7.0] AndroidManifest.xml:119:25-78
265            </intent-filter>
266        </receiver>
267        <receiver
267-->[androidx.work:work-runtime:2.7.0] AndroidManifest.xml:122:9-131:20
268            android:name="androidx.work.impl.background.systemalarm.ConstraintProxyUpdateReceiver"
268-->[androidx.work:work-runtime:2.7.0] AndroidManifest.xml:123:13-99
269            android:directBootAware="false"
269-->[androidx.work:work-runtime:2.7.0] AndroidManifest.xml:124:13-44
270            android:enabled="@bool/enable_system_alarm_service_default"
270-->[androidx.work:work-runtime:2.7.0] AndroidManifest.xml:125:13-72
271            android:exported="false" >
271-->[androidx.work:work-runtime:2.7.0] AndroidManifest.xml:126:13-37
272            <intent-filter>
272-->[androidx.work:work-runtime:2.7.0] AndroidManifest.xml:128:13-130:29
273                <action android:name="androidx.work.impl.background.systemalarm.UpdateProxies" />
273-->[androidx.work:work-runtime:2.7.0] AndroidManifest.xml:129:17-98
273-->[androidx.work:work-runtime:2.7.0] AndroidManifest.xml:129:25-95
274            </intent-filter>